g:\ubc\cpsc314\a4\a4_2016\a4.bsc
g:\ubc\cpsc314\a4\a4_2016\build\debug\vc140.pdb
g:\ubc\cpsc314\a4\a4_2016\build\debug\vc140.idb
g:\ubc\cpsc314\a4\a4_2016\build\debug\raytracer.sbr
g:\ubc\cpsc314\a4\a4_2016\build\debug\parser.sbr
g:\ubc\cpsc314\a4\a4_2016\build\debug\object.sbr
g:\ubc\cpsc314\a4\a4_2016\build\debug\main.sbr
g:\ubc\cpsc314\a4\a4_2016\build\debug\main.obj
g:\ubc\cpsc314\a4\a4_2016\build\debug\object.obj
g:\ubc\cpsc314\a4\a4_2016\build\debug\parser.obj
g:\ubc\cpsc314\a4\a4_2016\build\debug\raytracer.obj
g:\ubc\cpsc314\a4\a4_2016\a4.ilk
g:\ubc\cpsc314\a4\a4_2016\a4.exe
g:\ubc\cpsc314\a4\a4_2016\a4.pdb
g:\ubc\cpsc314\a4\a4_2016\build\debug\a4.tlog\bscmake.command.1.tlog
g:\ubc\cpsc314\a4\a4_2016\build\debug\a4.tlog\bscmake.read.1.tlog
g:\ubc\cpsc314\a4\a4_2016\build\debug\a4.tlog\bscmake.write.1.tlog
g:\ubc\cpsc314\a4\a4_2016\build\debug\a4.tlog\cl.command.1.tlog
g:\ubc\cpsc314\a4\a4_2016\build\debug\a4.tlog\cl.read.1.tlog
g:\ubc\cpsc314\a4\a4_2016\build\debug\a4.tlog\cl.write.1.tlog
g:\ubc\cpsc314\a4\a4_2016\build\debug\a4.tlog\link.command.1.tlog
g:\ubc\cpsc314\a4\a4_2016\build\debug\a4.tlog\link.read.1.tlog
g:\ubc\cpsc314\a4\a4_2016\build\debug\a4.tlog\link.write.1.tlog
